160
138
171
195
112
182
64
95
130
94
197
116
147
39
101
161
156
188
27
42
98
70
78
107
3
7
51
84
91
155
8
55
20
36
87
19
167
77
59
61
143
168
23
79
16
176
37
6
144
13
12
33
18
5
2
192
169
159
122
128
89
56
119
108
164
187
152
48
24
72
46
15
82
166
4
71
54
183
135
114
92
126
11
165
21
90
133
47
30
63
180
58
26
186
184
172
111
174
57
38
129
118
131
104
173
109
110
191
136
181
25
93
157
34
162
189
53
52
185
43
120
179
81
69
66
177
60
88
97
194
14
158
125
148
106
113
86
141
65
190
123
41
68
103
154
146
73
