INFO:root:New Log at 11/26/2021 21:57:24
INFO:root:n = 1:
INFO:root:small: 3064.333735929592
INFO:root:medium: 3822.0331933732828
INFO:root:large: 4411.137202659538
INFO:root:n = 2:
INFO:root:small: 3196.270175243069
INFO:root:medium: 4061.026599420836
INFO:root:large: 4736.166647390734
INFO:root:n = 3:
INFO:root:small: 3222.998635396345
INFO:root:medium: 4094.386158379414
INFO:root:large: 4752.749561725859
INFO:root:n = 4:
INFO:root:small: 3226.423235334898
INFO:root:medium: 4102.458630950201
INFO:root:large: 4747.513440310039
INFO:root:n = 5:
INFO:root:small: 3230.6155545652246
INFO:root:medium: 4099.079828541039
INFO:root:large: 4741.564678660622
INFO:root:n = 6:
INFO:root:small: 3226.597323791062
INFO:root:medium: 4089.376545958537
INFO:root:large: 4730.984684084217
INFO:root:n = 7:
INFO:root:small: 3222.160520569076
INFO:root:medium: 4080.4996305239574
INFO:root:large: 4725.524646390542
INFO:root:n = 8:
INFO:root:small: 3210.3680851326467
INFO:root:medium: 4064.9225917888457
INFO:root:large: 4711.607739813556
INFO:root:n = 9:
INFO:root:small: 3198.89751899913
INFO:root:medium: 4059.9520314336887
INFO:root:large: 4690.323018996724
INFO:root:n = 10:
INFO:root:small: 3182.932511634754
INFO:root:medium: 4037.887498007946
INFO:root:large: 4679.316932195459
