INFO:root:New Log at 11/27/2021 23:50:36
INFO:root:small: 
INFO:root:Writing output file for small-1.in...
INFO:root:Profit: 3468.0
INFO:root:Writing output file for small-10.in...
INFO:root:Profit: 3864.583678793201
INFO:root:Writing output file for small-100.in...
INFO:root:Profit: 3597.692003923799
INFO:root:Writing output file for small-101.in...
INFO:root:Profit: 3626.564633463557
INFO:root:Writing output file for small-102.in...
INFO:root:Profit: 1245.1639540497856
INFO:root:Writing output file for small-103.in...
INFO:root:Profit: 3644.3858199523206
INFO:root:Writing output file for small-104.in...
INFO:root:Profit: 3989.704481269472
INFO:root:Writing output file for small-105.in...
INFO:root:Profit: 3733.008457658911
INFO:root:Writing output file for small-106.in...
INFO:root:Profit: 2966.736000080515
INFO:root:Writing output file for small-107.in...
INFO:root:Profit: 3608.0000700540245
INFO:root:Writing output file for small-108.in...
INFO:root:Profit: 3873.016461508456
INFO:root:Writing output file for small-109.in...
INFO:root:Profit: 3624.341458688356
INFO:root:Writing output file for small-11.in...
INFO:root:Profit: 3614.2990023580596
INFO:root:Writing output file for small-110.in...
INFO:root:Profit: 2909.8820010137874
INFO:root:Writing output file for small-111.in...
INFO:root:Profit: 915.8072541989234
INFO:root:Writing output file for small-112.in...
INFO:root:Profit: 5144.9054269781145
INFO:root:Writing output file for small-113.in...
INFO:root:Profit: 3724.0000845169493
INFO:root:Writing output file for small-114.in...
INFO:root:Profit: 3382.0000088867587
INFO:root:Writing output file for small-115.in...
INFO:root:Profit: 3468.0
INFO:root:Writing output file for small-116.in...
INFO:root:Profit: 3874.041000400144
INFO:root:Writing output file for small-117.in...
INFO:root:Profit: 3817.45003822975
INFO:root:Writing output file for small-118.in...
INFO:root:Profit: 3657.3280001608377
INFO:root:Writing output file for small-119.in...
INFO:root:Profit: 3413.2720000036215
INFO:root:Writing output file for small-12.in...
INFO:root:Profit: 3468.0
INFO:root:Writing output file for small-120.in...
INFO:root:Profit: 3917.7810000324776
INFO:root:Writing output file for small-121.in...
INFO:root:Profit: 3620.9230055341022
INFO:root:Writing output file for small-122.in...
INFO:root:Profit: 3494.6480114394944
INFO:root:Writing output file for small-123.in...
INFO:root:Profit: 3426.0890000000004
INFO:root:Writing output file for small-124.in...
INFO:root:Profit: 337.25450090040835
INFO:root:Writing output file for small-125.in...
INFO:root:Profit: 4110.527680208585
INFO:root:Writing output file for small-126.in...
INFO:root:Profit: 3814.790000001211
INFO:root:Writing output file for small-127.in...
INFO:root:Profit: 3882.980645087646
INFO:root:Writing output file for small-128.in...
INFO:root:Profit: 4048.1821375826453
INFO:root:Writing output file for small-129.in...
INFO:root:Profit: 3991.7454748424834
INFO:root:Writing output file for small-13.in...
INFO:root:Profit: 3621.2002251590834
INFO:root:Writing output file for small-130.in...
INFO:root:Profit: 3969.993057789849
INFO:root:Writing output file for small-131.in...
INFO:root:Profit: 3561.2350000059782
INFO:root:Writing output file for small-132.in...
INFO:root:Profit: 1530.0000000074915
INFO:root:Writing output file for small-133.in...
INFO:root:Profit: 3947.5934208534986
INFO:root:Writing output file for small-134.in...
INFO:root:Profit: 2919.211358758133
INFO:root:Writing output file for small-135.in...
INFO:root:Profit: 3363.231000451423
INFO:root:Writing output file for small-136.in...
INFO:root:Profit: 3745.119691453371
INFO:root:Writing output file for small-137.in...
INFO:root:Profit: 3513.816000073096
INFO:root:Writing output file for small-138.in...
INFO:root:Profit: 3219.8430045079085
INFO:root:Writing output file for small-139.in...
INFO:root:Profit: 5490.0
INFO:root:Writing output file for small-14.in...
INFO:root:Profit: 3981.1830000142877
INFO:root:Writing output file for small-140.in...
INFO:root:Profit: 3682.9180000594956
INFO:root:Writing output file for small-141.in...
INFO:root:Profit: 3401.5169800657186
INFO:root:Writing output file for small-142.in...
INFO:root:Profit: 2997.5841184503765
INFO:root:Writing output file for small-143.in...
INFO:root:Profit: 3640.4382391391687
INFO:root:Writing output file for small-144.in...
INFO:root:Profit: 3161.2140472576243
INFO:root:Writing output file for small-145.in...
INFO:root:Profit: 1254.2454034233479
INFO:root:Writing output file for small-146.in...
INFO:root:Profit: 2205.1343796261835
INFO:root:Writing output file for small-147.in...
INFO:root:Profit: 3691.0000000036434
INFO:root:Writing output file for small-148.in...
INFO:root:Profit: 3752.52446210762
INFO:root:Writing output file for small-149.in...
INFO:root:Profit: 3628.769000239388
INFO:root:Writing output file for small-15.in...
INFO:root:Profit: 3723.769001392272
INFO:root:Writing output file for small-150.in...
INFO:root:Profit: 3619.000001475863
INFO:root:Writing output file for small-151.in...
INFO:root:Profit: 3642.813000135969
INFO:root:Writing output file for small-152.in...
INFO:root:Profit: 3643.892001214641
INFO:root:Writing output file for small-153.in...
INFO:root:Profit: 2839.711000795193
INFO:root:Writing output file for small-154.in...
INFO:root:Profit: 4031.0010453787854
INFO:root:Writing output file for small-155.in...
INFO:root:Profit: 3792.004000000298
INFO:root:Writing output file for small-156.in...
INFO:root:Profit: 2963.3364262414034
INFO:root:Writing output file for small-157.in...
INFO:root:Profit: 3463.47472763979
INFO:root:Writing output file for small-158.in...
INFO:root:Profit: 3834.926762197071
INFO:root:Writing output file for small-159.in...
INFO:root:Profit: 1325.0000860892012
INFO:root:Writing output file for small-16.in...
INFO:root:Profit: 3121.284437276334
INFO:root:Writing output file for small-160.in...
INFO:root:Profit: 3613.0953392483516
INFO:root:Writing output file for small-161.in...
INFO:root:Profit: 3312.3920069501287
INFO:root:Writing output file for small-162.in...
INFO:root:Profit: 3905.592000005681
INFO:root:Writing output file for small-163.in...
INFO:root:Profit: 3314.005381105054
INFO:root:Writing output file for small-164.in...
INFO:root:Profit: 3898.4440006375416
INFO:root:Writing output file for small-165.in...
INFO:root:Profit: 3574.931710300609
INFO:root:Writing output file for small-166.in...
INFO:root:Profit: 4043.152876001186
INFO:root:Writing output file for small-167.in...
INFO:root:Profit: 2237.92105820394
INFO:root:Writing output file for small-168.in...
INFO:root:Profit: 3683.723606597554
INFO:root:Writing output file for small-169.in...
INFO:root:Profit: 3566.3068862472223
INFO:root:Writing output file for small-17.in...
INFO:root:Profit: 3322.8735508715044
INFO:root:Writing output file for small-170.in...
INFO:root:Profit: 3778.0000000103564
INFO:root:Writing output file for small-171.in...
INFO:root:Profit: 3199.8100415192625
INFO:root:Writing output file for small-172.in...
INFO:root:Profit: 1112.2342814012566
INFO:root:Writing output file for small-173.in...
INFO:root:Profit: 3862.2359999999994
INFO:root:Writing output file for small-174.in...
INFO:root:Profit: 3694.9260001626335
INFO:root:Writing output file for small-175.in...
INFO:root:Profit: 3625.610913427313
INFO:root:Writing output file for small-176.in...
INFO:root:Profit: 3662.3770000586765
INFO:root:Writing output file for small-177.in...
INFO:root:Profit: 3291.10629663034
INFO:root:Writing output file for small-178.in...
INFO:root:Profit: 3304.720385571057
INFO:root:Writing output file for small-179.in...
INFO:root:Profit: 3853.5953738704266
INFO:root:Writing output file for small-18.in...
INFO:root:Profit: 3326.3390096562707
INFO:root:Writing output file for small-180.in...
INFO:root:Profit: 3202.3296721649326
INFO:root:Writing output file for small-181.in...
INFO:root:Profit: 3852.0
INFO:root:Writing output file for small-182.in...
INFO:root:Profit: 2306.69
INFO:root:Writing output file for small-183.in...
INFO:root:Profit: 3544.7170122131342
INFO:root:Writing output file for small-185.in...
INFO:root:Profit: 3685.0019970024596
INFO:root:Writing output file for small-186.in...
INFO:root:Profit: 3387.2872396869443
INFO:root:Writing output file for small-187.in...
INFO:root:Profit: 2163.8227913550236
INFO:root:Writing output file for small-188.in...
INFO:root:Profit: 3726.9572033951167
INFO:root:Writing output file for small-189.in...
INFO:root:Profit: 3933.8780085591206
INFO:root:Writing output file for small-19.in...
INFO:root:Profit: 3222.429000464769
INFO:root:Writing output file for small-190.in...
INFO:root:Profit: 3585.000005443041
INFO:root:Writing output file for small-191.in...
INFO:root:Profit: 3941.0051410970377
INFO:root:Writing output file for small-192.in...
INFO:root:Profit: 508.0452434667607
INFO:root:Writing output file for small-193.in...
INFO:root:Profit: 3573.6745027444404
INFO:root:Writing output file for small-194.in...
INFO:root:Profit: 2484.331287589604
INFO:root:Writing output file for small-195.in...
INFO:root:Profit: 3626.0350092023473
INFO:root:Writing output file for small-196.in...
INFO:root:Profit: 3470.0053112146493
INFO:root:Writing output file for small-197.in...
INFO:root:Profit: 3893.4000039330654
INFO:root:Writing output file for small-198.in...
INFO:root:Profit: 3077.0569342803215
INFO:root:Writing output file for small-199.in...
INFO:root:Profit: 3293.43002442739
INFO:root:Writing output file for small-2.in...
INFO:root:Profit: 3912.7123023631398
INFO:root:Writing output file for small-20.in...
INFO:root:Profit: 3478.7391833411466
INFO:root:Writing output file for small-200.in...
INFO:root:Profit: 3515.8343822042502
INFO:root:Writing output file for small-201.in...
INFO:root:Profit: 3428.000000618416
INFO:root:Writing output file for small-202.in...
INFO:root:Profit: 3728.355000010375
INFO:root:Writing output file for small-203.in...
INFO:root:Profit: 3207.19300001091
INFO:root:Writing output file for small-204.in...
INFO:root:Profit: 3500.000043243149
INFO:root:Writing output file for small-205.in...
INFO:root:Profit: 3791.064038484493
INFO:root:Writing output file for small-206.in...
INFO:root:Profit: 3996.0400002467304
INFO:root:Writing output file for small-207.in...
INFO:root:Profit: 3802.85500027103
INFO:root:Writing output file for small-208.in...
INFO:root:Profit: 3376.301103822487
INFO:root:Writing output file for small-209.in...
INFO:root:Profit: 3952.0999999999995
INFO:root:Writing output file for small-21.in...
INFO:root:Profit: 3565.013000075578
INFO:root:Writing output file for small-210.in...
INFO:root:Profit: 4185.122794098863
INFO:root:Writing output file for small-211.in...
INFO:root:Profit: 2117.9905152567885
INFO:root:Writing output file for small-212.in...
INFO:root:Profit: 3646.6320166159935
INFO:root:Writing output file for small-213.in...
INFO:root:Profit: 3727.54491707642
INFO:root:Writing output file for small-214.in...
INFO:root:Profit: 2535.4950107876566
INFO:root:Writing output file for small-215.in...
INFO:root:Profit: 1690.0735331072856
INFO:root:Writing output file for small-216.in...
INFO:root:Profit: 3795.0144801896818
INFO:root:Writing output file for small-217.in...
INFO:root:Profit: 791.9098963112946
INFO:root:Writing output file for small-218.in...
INFO:root:Profit: 3694.144057944168
INFO:root:Writing output file for small-219.in...
INFO:root:Profit: 1276.1365879363077
INFO:root:Writing output file for small-22.in...
INFO:root:Profit: 3945.505000763159
INFO:root:Writing output file for small-220.in...
INFO:root:Profit: 3701.41551793566
INFO:root:Writing output file for small-221.in...
INFO:root:Profit: 2140.0000001660337
INFO:root:Writing output file for small-222.in...
INFO:root:Profit: 3530.8764949546353
INFO:root:Writing output file for small-223.in...
INFO:root:Profit: 3499.0530023267474
INFO:root:Writing output file for small-224.in...
INFO:root:Profit: 3757.7310000487346
INFO:root:Writing output file for small-225.in...
INFO:root:Profit: 4027.531828615869
INFO:root:Writing output file for small-226.in...
INFO:root:Profit: 3859.885548826056
INFO:root:Writing output file for small-227.in...
INFO:root:Profit: 3346.797003385325
INFO:root:Writing output file for small-228.in...
INFO:root:Profit: 3411.000000002363
INFO:root:Writing output file for small-229.in...
INFO:root:Profit: 3430.1970448216343
INFO:root:Writing output file for small-23.in...
INFO:root:Profit: 3322.0491982622657
INFO:root:Writing output file for small-230.in...
INFO:root:Profit: 4090.3290000007905
INFO:root:Writing output file for small-231.in...
INFO:root:Profit: 3538.543000000001
INFO:root:Writing output file for small-232.in...
INFO:root:Profit: 3863.1530000030557
INFO:root:Writing output file for small-233.in...
INFO:root:Profit: 3934.3240981633453
INFO:root:Writing output file for small-234.in...
INFO:root:Profit: 3835.434967322636
INFO:root:Writing output file for small-235.in...
INFO:root:Profit: 4851.000000014681
INFO:root:Writing output file for small-236.in...
INFO:root:Profit: 3854.2226153926317
INFO:root:Writing output file for small-237.in...
INFO:root:Profit: 3438.494462410161
INFO:root:Writing output file for small-238.in...
INFO:root:Profit: 1330.5888747378822
INFO:root:Writing output file for small-239.in...
INFO:root:Profit: 3045.0545274772676
INFO:root:Writing output file for small-24.in...
INFO:root:Profit: 3727.0000046499163
INFO:root:Writing output file for small-240.in...
INFO:root:Profit: 3523.5925614220073
INFO:root:Writing output file for small-241.in...
INFO:root:Profit: 3696.566509739284
INFO:root:Writing output file for small-242.in...
INFO:root:Profit: 2720.0010073414383
INFO:root:Writing output file for small-243.in...
INFO:root:Profit: 3520.363
INFO:root:Writing output file for small-244.in...
INFO:root:Profit: 3399.4050000025886
INFO:root:Writing output file for small-245.in...
INFO:root:Profit: 555.4556397698603
INFO:root:Writing output file for small-246.in...
INFO:root:Profit: 4123.3600000000715
INFO:root:Writing output file for small-247.in...
INFO:root:Profit: 4229.887077258004
INFO:root:Writing output file for small-248.in...
INFO:root:Profit: 3525.7280000003866
INFO:root:Writing output file for small-249.in...
INFO:root:Profit: 3542.212
INFO:root:Writing output file for small-25.in...
INFO:root:Profit: 4063.4780000812552
INFO:root:Writing output file for small-250.in...
INFO:root:Profit: 564.9663896300167
INFO:root:Writing output file for small-251.in...
INFO:root:Profit: 3865.124000016122
INFO:root:Writing output file for small-252.in...
INFO:root:Profit: 4116.532330751428
INFO:root:Writing output file for small-253.in...
INFO:root:Profit: 1464.8488936123185
INFO:root:Writing output file for small-254.in...
INFO:root:Profit: 488.246618800259
INFO:root:Writing output file for small-255.in...
INFO:root:Profit: 4346.591042325506
INFO:root:Writing output file for small-256.in...
INFO:root:Profit: 3692.0010000176167
INFO:root:Writing output file for small-257.in...
INFO:root:Profit: 3627.441017850681
INFO:root:Writing output file for small-258.in...
INFO:root:Profit: 4282.292000001467
INFO:root:Writing output file for small-259.in...
INFO:root:Profit: 3500.942005976711
INFO:root:Writing output file for small-26.in...
INFO:root:Profit: 3209.3010005926453
INFO:root:Writing output file for small-260.in...
INFO:root:Profit: 3624.2700000225464
INFO:root:Writing output file for small-261.in...
INFO:root:Profit: 3647.1296850702374
INFO:root:Writing output file for small-262.in...
INFO:root:Profit: 3217.159000191598
INFO:root:Writing output file for small-263.in...
INFO:root:Profit: 6908.231000052891
INFO:root:Writing output file for small-264.in...
INFO:root:Profit: 2829.0058299287834
INFO:root:Writing output file for small-265.in...
INFO:root:Profit: 3357.743023893403
INFO:root:Writing output file for small-266.in...
INFO:root:Profit: 515.865281873027
INFO:root:Writing output file for small-267.in...
INFO:root:Profit: 1526.840502813941
INFO:root:Writing output file for small-268.in...
INFO:root:Profit: 3887.0000014888815
INFO:root:Writing output file for small-269.in...
INFO:root:Profit: 3537.000000116114
INFO:root:Writing output file for small-27.in...
INFO:root:Profit: 3459.0000000884797
INFO:root:Writing output file for small-270.in...
INFO:root:Profit: 3379.1005040839736
INFO:root:Writing output file for small-271.in...
INFO:root:Profit: 3457.0000013961303
INFO:root:Writing output file for small-272.in...
INFO:root:Profit: 3560.0
INFO:root:Writing output file for small-273.in...
INFO:root:Profit: 2740.000002477356
INFO:root:Writing output file for small-274.in...
INFO:root:Profit: 3616.0
INFO:root:Writing output file for small-275.in...
INFO:root:Profit: 3471.0000005319393
INFO:root:Writing output file for small-276.in...
INFO:root:Profit: 3516.0000000103587
INFO:root:Writing output file for small-277.in...
INFO:root:Profit: 3317.000000188551
INFO:root:Writing output file for small-278.in...
INFO:root:Profit: 3412.019416114012
INFO:root:Writing output file for small-279.in...
INFO:root:Profit: 3806.7840664356504
INFO:root:Writing output file for small-28.in...
INFO:root:Profit: 3442.7027099509
INFO:root:Writing output file for small-280.in...
INFO:root:Profit: 3819.000000010613
INFO:root:Writing output file for small-281.in...
INFO:root:Profit: 3925.1491474699183
INFO:root:Writing output file for small-282.in...
INFO:root:Profit: 2941.000000051119
INFO:root:Writing output file for small-283.in...
INFO:root:Profit: 3227.0000290326398
INFO:root:Writing output file for small-284.in...
INFO:root:Profit: 3430.0000001540216
INFO:root:Writing output file for small-285.in...
INFO:root:Profit: 2958.0000004959443
INFO:root:Writing output file for small-286.in...
INFO:root:Profit: 3474.0
INFO:root:Writing output file for small-287.in...
INFO:root:Profit: 3341.0163901250235
INFO:root:Writing output file for small-288.in...
INFO:root:Profit: 3417.3359416257995
INFO:root:Writing output file for small-289.in...
INFO:root:Profit: 2906.000000008512
INFO:root:Writing output file for small-29.in...
INFO:root:Profit: 3451.0
INFO:root:Writing output file for small-290.in...
INFO:root:Profit: 3411.212159251863
INFO:root:Writing output file for small-291.in...
INFO:root:Profit: 3362.000000002636
INFO:root:Writing output file for small-292.in...
INFO:root:Profit: 3600.0008076261615
INFO:root:Writing output file for small-293.in...
INFO:root:Profit: 3395.000004996358
INFO:root:Writing output file for small-294.in...
INFO:root:Profit: 3278.000000034397
INFO:root:Writing output file for small-295.in...
INFO:root:Profit: 3472.9119615919235
INFO:root:Writing output file for small-296.in...
INFO:root:Profit: 2982.874214046172
INFO:root:Writing output file for small-297.in...
INFO:root:Profit: 3625.000000030237
INFO:root:Writing output file for small-298.in...
INFO:root:Profit: 3415.017603494094
INFO:root:Writing output file for small-299.in...
INFO:root:Profit: 3096.0001512436993
INFO:root:Writing output file for small-3.in...
INFO:root:Profit: 3741.000122276139
INFO:root:Writing output file for small-30.in...
INFO:root:Profit: 3670.5006159216496
INFO:root:Writing output file for small-300.in...
INFO:root:Profit: 3240.000000009855
INFO:root:Writing output file for small-31.in...
INFO:root:Profit: 2969.340002034568
INFO:root:Writing output file for small-32.in...
INFO:root:Profit: 4221.489342496378
INFO:root:Writing output file for small-33.in...
INFO:root:Profit: 485.2410840313917
INFO:root:Writing output file for small-34.in...
INFO:root:Profit: 3945.5540000016254
INFO:root:Writing output file for small-35.in...
INFO:root:Profit: 2344.773973433636
INFO:root:Writing output file for small-36.in...
INFO:root:Profit: 3947.623001036545
INFO:root:Writing output file for small-37.in...
INFO:root:Profit: 3553.628147571792
INFO:root:Writing output file for small-38.in...
INFO:root:Profit: 3139.6250000023533
INFO:root:Writing output file for small-39.in...
INFO:root:Profit: 3583.031614831111
INFO:root:Writing output file for small-4.in...
INFO:root:Profit: 4108.217047587459
INFO:root:Writing output file for small-40.in...
INFO:root:Profit: 3766.728650518656
INFO:root:Writing output file for small-41.in...
INFO:root:Profit: 4539.2490000229
INFO:root:Writing output file for small-42.in...
INFO:root:Profit: 3470.521000240639
INFO:root:Writing output file for small-43.in...
INFO:root:Profit: 3634.7680521953334
INFO:root:Writing output file for small-44.in...
INFO:root:Profit: 3973.4260046564477
INFO:root:Writing output file for small-45.in...
INFO:root:Profit: 3658.8040001775294
INFO:root:Writing output file for small-46.in...
INFO:root:Profit: 3434.395020995792
INFO:root:Writing output file for small-47.in...
INFO:root:Profit: 3756.9523523253333
INFO:root:Writing output file for small-48.in...
INFO:root:Profit: 3456.000902318593
INFO:root:Writing output file for small-49.in...
INFO:root:Profit: 3465.2451272868893
INFO:root:Writing output file for small-5.in...
INFO:root:Profit: 7524.0
INFO:root:Writing output file for small-50.in...
INFO:root:Profit: 3696.7204635277235
INFO:root:Writing output file for small-51.in...
INFO:root:Profit: 4257.002791699504
INFO:root:Writing output file for small-52.in...
INFO:root:Profit: 3086.000136256499
INFO:root:Writing output file for small-53.in...
INFO:root:Profit: 3207.0000000620767
INFO:root:Writing output file for small-54.in...
INFO:root:Profit: 590.9122069621747
INFO:root:Writing output file for small-55.in...
INFO:root:Profit: 3964.5680000145435
INFO:root:Writing output file for small-56.in...
INFO:root:Profit: 3716.442399563715
INFO:root:Writing output file for small-57.in...
INFO:root:Profit: 2327.155082244193
INFO:root:Writing output file for small-58.in...
INFO:root:Profit: 3531.5110000016653
INFO:root:Writing output file for small-59.in...
INFO:root:Profit: 3687.6600000093467
INFO:root:Writing output file for small-6.in...
INFO:root:Profit: 4061.0000000572813
INFO:root:Writing output file for small-60.in...
INFO:root:Profit: 3405.555000147887
INFO:root:Writing output file for small-61.in...
INFO:root:Profit: 3595.420000002314
INFO:root:Writing output file for small-62.in...
INFO:root:Profit: 3412.525001295541
INFO:root:Writing output file for small-63.in...
INFO:root:Profit: 3817.945209405837
INFO:root:Writing output file for small-64.in...
INFO:root:Profit: 3502.61401599241
INFO:root:Writing output file for small-65.in...
INFO:root:Profit: 608.5975468820153
INFO:root:Writing output file for small-66.in...
INFO:root:Profit: 3123.6510000025764
INFO:root:Writing output file for small-67.in...
INFO:root:Profit: 4197.015218334157
INFO:root:Writing output file for small-68.in...
INFO:root:Profit: 3596.69900000763
INFO:root:Writing output file for small-69.in...
INFO:root:Profit: 1941.2288096004793
INFO:root:Writing output file for small-7.in...
INFO:root:Profit: 3212.324131445499
INFO:root:Writing output file for small-70.in...
INFO:root:Profit: 3673.9490005915877
INFO:root:Writing output file for small-71.in...
INFO:root:Profit: 3860.1317475941523
INFO:root:Writing output file for small-72.in...
INFO:root:Profit: 3613.0674370942606
INFO:root:Writing output file for small-73.in...
INFO:root:Profit: 1002.1639558853097
INFO:root:Writing output file for small-74.in...
INFO:root:Profit: 2769.653526423206
INFO:root:Writing output file for small-75.in...
INFO:root:Profit: 4907.175
INFO:root:Writing output file for small-76.in...
INFO:root:Profit: 3660.1634771842355
INFO:root:Writing output file for small-77.in...
INFO:root:Profit: 4658.953999999995
INFO:root:Writing output file for small-78.in...
INFO:root:Profit: 3410.958022902655
INFO:root:Writing output file for small-79.in...
INFO:root:Profit: 1302.1248962865118
INFO:root:Writing output file for small-8.in...
INFO:root:Profit: 3520.1000000000004
INFO:root:Writing output file for small-80.in...
INFO:root:Profit: 4040.6510000043813
INFO:root:Writing output file for small-81.in...
INFO:root:Profit: 2442.16029945792
INFO:root:Writing output file for small-82.in...
INFO:root:Profit: 3490.7340029162883
INFO:root:Writing output file for small-83.in...
INFO:root:Profit: 3984.0000000055315
INFO:root:Writing output file for small-84.in...
INFO:root:Profit: 3603.157001794523
INFO:root:Writing output file for small-85.in...
INFO:root:Profit: 1991.2563168127642
INFO:root:Writing output file for small-86.in...
INFO:root:Profit: 3818.451191216239
INFO:root:Writing output file for small-87.in...
INFO:root:Profit: 3732.000000291772
INFO:root:Writing output file for small-88.in...
INFO:root:Profit: 3970.2116045268904
INFO:root:Writing output file for small-89.in...
INFO:root:Profit: 3576.873583944229
INFO:root:Writing output file for small-9.in...
INFO:root:Profit: 3468.0
INFO:root:Writing output file for small-90.in...
INFO:root:Profit: 3574.932018004022
INFO:root:Writing output file for small-91.in...
INFO:root:Profit: 3644.385069396017
INFO:root:Writing output file for small-92.in...
INFO:root:Profit: 3812.2230371124783
INFO:root:Writing output file for small-93.in...
INFO:root:Profit: 3940.572675905484
INFO:root:Writing output file for small-94.in...
INFO:root:Profit: 3376.503020280224
INFO:root:Writing output file for small-95.in...
INFO:root:Profit: 3883.2883641697827
INFO:root:Writing output file for small-96.in...
INFO:root:Profit: 3854.3490000110323
INFO:root:Writing output file for small-97.in...
INFO:root:Profit: 3559.224000052241
INFO:root:Writing output file for small-98.in...
INFO:root:Profit: 3397.5560000897817
INFO:root:Writing output file for small-99.in...
INFO:root:Profit: 528.8568226028707
INFO:root:medium: 
INFO:root:Writing output file for medium-1.in...
INFO:root:Profit: 3952.6850442737104
INFO:root:Writing output file for medium-10.in...
INFO:root:Profit: 4764.8463520591
INFO:root:Writing output file for medium-100.in...
INFO:root:Profit: 4351.908963420527
INFO:root:Writing output file for medium-101.in...
INFO:root:Profit: 4252.75795694666
INFO:root:Writing output file for medium-102.in...
INFO:root:Profit: 3289.502828876591
INFO:root:Writing output file for medium-103.in...
INFO:root:Profit: 4355.758012156459
INFO:root:Writing output file for medium-104.in...
INFO:root:Profit: 4519.535000000001
INFO:root:Writing output file for medium-105.in...
INFO:root:Profit: 4293.000001338596
INFO:root:Writing output file for medium-106.in...
INFO:root:Profit: 3858.094280370201
INFO:root:Writing output file for medium-107.in...
INFO:root:Profit: 4665.00000000574
INFO:root:Writing output file for medium-108.in...
INFO:root:Profit: 4856.997000197684
INFO:root:Writing output file for medium-109.in...
INFO:root:Profit: 4401.511000079889
INFO:root:Writing output file for medium-11.in...
INFO:root:Profit: 4591.109002128949
INFO:root:Writing output file for medium-110.in...
INFO:root:Profit: 3474.5999496982117
INFO:root:Writing output file for medium-111.in...
INFO:root:Profit: 923.9015341235003
INFO:root:Writing output file for medium-112.in...
INFO:root:Profit: 6919.0280023898595
INFO:root:Writing output file for medium-113.in...
INFO:root:Profit: 4237.0003756030255
INFO:root:Writing output file for medium-114.in...
INFO:root:Profit: 4787.002819120063
INFO:root:Writing output file for medium-115.in...
INFO:root:Profit: 4059.005648770165
INFO:root:Writing output file for medium-116.in...
INFO:root:Profit: 4032.0598019334766
INFO:root:Writing output file for medium-117.in...
INFO:root:Profit: 4312.794870974879
INFO:root:Writing output file for medium-118.in...
INFO:root:Profit: 5104.06300004244
INFO:root:Writing output file for medium-119.in...
INFO:root:Profit: 4620.90262176065
INFO:root:Writing output file for medium-12.in...
INFO:root:Profit: 3658.17039720671
INFO:root:Writing output file for medium-120.in...
INFO:root:Profit: 4724.515008657059
INFO:root:Writing output file for medium-121.in...
INFO:root:Profit: 5453.081
INFO:root:Writing output file for medium-122.in...
INFO:root:Profit: 4377.672139521697
INFO:root:Writing output file for medium-123.in...
INFO:root:Profit: 4406.273999999999
INFO:root:Writing output file for medium-124.in...
INFO:root:Profit: 2693.099653216136
INFO:root:Writing output file for medium-125.in...
INFO:root:Profit: 5370.710000010569
INFO:root:Writing output file for medium-126.in...
INFO:root:Profit: 4723.83263819019
INFO:root:Writing output file for medium-127.in...
INFO:root:Profit: 4643.455227246644
INFO:root:Writing output file for medium-128.in...
INFO:root:Profit: 4209.224000115088
INFO:root:New Log at 11/28/2021 12:08:50
INFO:root:medium: 
INFO:root:Writing output file for medium-129.in...
INFO:root:Profit: 4098.859413247921
INFO:root:Writing output file for medium-13.in...
INFO:root:Profit: 4116.119000154055
INFO:root:Writing output file for medium-130.in...
INFO:root:Profit: 4375.006453120678
INFO:root:Writing output file for medium-131.in...
INFO:root:Profit: 4871.906625970009
INFO:root:Writing output file for medium-132.in...
INFO:root:Profit: 2327.155082244193
INFO:root:Writing output file for medium-133.in...
INFO:root:Profit: 6607.15500043679
INFO:root:Writing output file for medium-134.in...
INFO:root:Profit: 3166.119152916846
INFO:root:Writing output file for medium-135.in...
INFO:root:Profit: 4458.659000003391
INFO:root:Writing output file for medium-136.in...
INFO:root:Profit: 4288.5000000048285
INFO:root:Writing output file for medium-137.in...
INFO:root:Profit: 4670.521650159038
INFO:root:Writing output file for medium-138.in...
INFO:root:Profit: 4349.605323316757
INFO:root:Writing output file for medium-139.in...
INFO:root:Profit: 625.6966920510212
INFO:root:Writing output file for medium-14.in...
INFO:root:Profit: 4504.1930885380025
INFO:root:Writing output file for medium-140.in...
INFO:root:Profit: 5243.80460176435
INFO:root:Writing output file for medium-141.in...
INFO:root:Profit: 4707.676354600441
INFO:root:Writing output file for medium-142.in...
INFO:root:Profit: 4395.136816260194
INFO:root:Writing output file for medium-143.in...
INFO:root:Profit: 4683.280000062163
INFO:root:Writing output file for medium-144.in...
INFO:root:Profit: 4551.257747411609
INFO:root:Writing output file for medium-145.in...
INFO:root:Profit: 1515.0330035076656
INFO:root:Writing output file for medium-146.in...
INFO:root:Profit: 2572.99926706006
INFO:root:Writing output file for medium-147.in...
INFO:root:Profit: 4257.00004061847
INFO:root:Writing output file for medium-148.in...
INFO:root:Profit: 4728.043316772547
INFO:root:Writing output file for medium-149.in...
INFO:root:Profit: 4326.754745341048
INFO:root:Writing output file for medium-15.in...
INFO:root:Profit: 4679.47570605596
INFO:root:Writing output file for medium-150.in...
INFO:root:Profit: 4114.000000002831
INFO:root:Writing output file for medium-151.in...
INFO:root:Profit: 4349.494635778699
INFO:root:Writing output file for medium-152.in...
INFO:root:Profit: 5343.003909429842
INFO:root:Writing output file for medium-153.in...
INFO:root:Profit: 4581.754000000001
INFO:root:Writing output file for medium-154.in...
INFO:root:Profit: 4523.004649000354
INFO:root:Writing output file for medium-155.in...
INFO:root:Profit: 4412.9522473563975
INFO:root:Writing output file for medium-156.in...
INFO:root:Profit: 4473.250000000333
INFO:root:Writing output file for medium-157.in...
INFO:root:Profit: 4813.317825033121
INFO:root:Writing output file for medium-158.in...
INFO:root:Profit: 4529.780000024421
INFO:root:Writing output file for medium-159.in...
INFO:root:Profit: 1525.000000820457
INFO:root:Writing output file for medium-16.in...
INFO:root:Profit: 4586.224420975508
INFO:root:Writing output file for medium-160.in...
INFO:root:Profit: 4879.315000000001
INFO:root:Writing output file for medium-161.in...
INFO:root:Profit: 4404.720000293579
INFO:root:Writing output file for medium-162.in...
INFO:root:Profit: 4657.167532235484
INFO:root:Writing output file for medium-163.in...
INFO:root:Profit: 4231.000000004343
INFO:root:Writing output file for medium-164.in...
INFO:root:Profit: 3656.46100033855
INFO:root:Writing output file for medium-165.in...
INFO:root:Profit: 4839.588216570315
INFO:root:Writing output file for medium-166.in...
INFO:root:Profit: 4688.110110846354
INFO:root:Writing output file for medium-167.in...
INFO:root:Profit: 2791.174003297839
INFO:root:Writing output file for medium-168.in...
INFO:root:Profit: 4641.327498093368
INFO:root:Writing output file for medium-169.in...
INFO:root:Profit: 4589.733000160636
INFO:root:Writing output file for medium-17.in...
INFO:root:Profit: 5060.967
INFO:root:Writing output file for medium-170.in...
INFO:root:Profit: 4429.365485395028
