200
125
61
49
183
109
79
50
51
122
29
8
106
134
17
129
90
130
2
123
113
153
100
59
176
60
198
184
94
18
133
175
138
36
55
174
166
194
107
22
56
83
4
24
127
10
34
115
117
68
66
81
88
75
104
41
91
149
19
155
12
7
47
197
151
5
23
165
21
136
95
137
114
37
20
191
15
135
105
3
185
139
78
180
6
65
57
108
71
28
172
150
1
103
85
160
63
196
33
38
120
156
54
58
144
40
189
173
146
195
82
53
167
177
89
67
11
77
73
192
111
170
179
46
128
199
171
132
97
124
169
102
92
35
142
80
52
32
42
70
119
157
62
145
178
141
112
44
181
182
118
26
84
99
116
9
76
48
162
190
39
193
186
13
187
96
163
126
31
43
14
16
98
148
27
45
164
188
64
161
131
86
87
101
69
121
168
159
72
158
93
152
74
154
110
140
143
147
30
25
