95
14
13
12
2
3
4
5
8
11
9
122
164
15
168
74
96
144
75
16
88
103
30
154
82
17
65
66
76
62
127
18
64
158
138
100
19
44
106
78
101
85
161
20
32
128
147
21
92
137
153
99
22
98
170
61
159
157
70
23
197
102
160
31
24
27
25
40
38
35
34
36
37
39
41
42
81
130
193
152
43
132
124
80
93
125
166
171
87
86
68
45
97
192
180
46
53
51
48
50
49
47
119
196
56
55
52
54
176
195
190
140
57
134
59
58
118
150
182
191
183
129
113
146
139
194
145
136
184
135
189
142
188
133
151
148
117
131
143
115
187
185
114
186
181
179
109
178
177
175
120
174
173
110
116
112
111
1
7
6
198
199
200
10
126
172
169
167
156
165
163
162
155
149
123
141
121
60
91
84
77
26
89
94
90
63
83
72
69
29
67
104
33
105
79
107
71
28
73
108
