32
187
134
164
69
49
153
63
124
71
172
67
158
80
177
125
100
29
137
17
196
139
178
97
10
154
136
4
142
70
109
163
155
107
55
110
188
16
192
38
191
131
14
126
195
106
34
13
179
96
86
102
84
128
98
176
72
193
85
161
149
61
53
189
68
60
39
159
162
20
7
103
15
111
120
24
144
81
118
122
56
8
28
23
21
151
19
199
5
190
79
200
45
99
65
168
3
59
50
35
44
18
12
160
147
42
138
88
30
198
145
129
182
183
165
31
141
170
108
89
33
47
76
41
95
25
121
26
114
113
77
150
9
104
180
146
117
173
73
87
43
127
83
92
52
