100
99
102
101
104
103
106
105
108
107
110
109
112
111
114
113
116
115
118
117
120
119
122
121
124
123
126
125
128
127
130
129
132
131
134
133
136
135
138
137
140
139
142
141
144
143
146
145
148
147
150
149
152
151
154
153
156
155
158
157
160
159
162
161
164
163
166
165
168
167
170
169
172
171
174
173
176
175
178
177
180
179
98
97
96
95
94
93
92
91
90
89
88
87
86
85
84
83
82
81
80
79
78
77
76
75
74
73
72
71
70
69
68
67
66
65
64
63
62
61
60
59
58
57
56
55
54
53
52
51
50
49
48
47
46
45
44
43
42
41
40
39
38
37
36
35
34
33
32
31
30
29
28
27
26
25
24
23
22
21
20
19
18
17
16
15
14
13
12
11
10
9
8
7
6
5
4
3
2
1
