24
200
138
65
112
107
156
167
130
147
116
197
94
189
87
161
101
81
68
103
61
78
70
98
51
3
7
84
91
59
8
155
20
180
36
33
16
128
77
13
164
64
23
143
79
176
12
6
19
82
169
166
72
5
18
119
66
188
192
122
159
46
56
187
152
4
183
54
48
27
168
11
37
15
90
106
108
71
30
126
114
135
92
165
21
55
2
63
144
58
89
133
47
26
186
41
154
146
73
160
171
38
179
174
104
34
173
86
148
191
25
125
194
136
93
177
185
157
95
42
198
39
182
195
62
102
76
100
149
124
193
113
123
141
184
190
175
134
99
151
178
57
32
121
49
80
111
181
153
