10
34
2
5
11
28
33
19
7
24
13
15
26
55
23
20
46
42
48
66
12
44
54
68
52
3
25
18
6
71
38
1
73
43
64
58
30
22
57
61
36
93
41
105
40
78
50
16
49
8
77
69
47
56
111
53
75
63
103
39
129
60
31
35
51
84
102
65
143
70
89
67
108
27
74
86
82
80
88
17
72
81
32
118
62
14
99
120
9
21
94
95
76
119
90
128
96
87
97
45
171
100
123
109
104
83
92
91
29
106
107
122
116
132
101
4
37
139
141
114
112
115
125
121
151
124
110
130
169
133
147
137
59
135
117
127
138
136
157
131
113
165
85
79
146
126
152
153
149
98
160
144
148
154
142
168
156
162
158
159
