120
93
76
74
123
148
147
136
34
30
158
22
142
196
174
79
161
98
177
51
188
179
155
58
72
69
144
77
92
80
157
135
180
33
186
91
6
109
197
14
108
189
3
89
181
43
127
126
199
84
117
170
200
5
137
49
194
162
8
45
31
190
165
160
17
153
118
182
42
18
15
100
156
145
111
35
26
159
44
65
66
94
19
68
10
101
124
52
37
131
50
139
12
106
121
169
75
134
82
122
187
125
53
99
86
163
70
95
138
191
64
97
104
171
183
56
175
150
152
88
185
46
143
102
119
172
78
103
166
48
114
96
141
116
57
192
129
85
168
164
67
184
128
54
61
112
173
107
149
154
73
115
60
87
133
140
71
113
146
130
198
151
110
81
55
176
178
59
83
193
105
132
167
195
63
47
90
62
1
7
36
20
24
41
13
11
16
4
2
27
40
25
28
23
9
39
29
32
21
38
