20
150
143
117
114
119
118
4
63
91
135
24
126
27
146
95
7
51
183
55
184
65
190
165
76
182
52
141
106
113
87
103
56
49
11
53
170
81
187
107
166
120
152
1
111
77
148
31
173
89
22
163
88
8
86
180
174
193
54
171
72
131
46
181
123
64
79
142
145
138
156
160
41
45
74
21
159
84
161
35
179
80
9
19
69
128
37
59
73
125
13
44
67
169
189
132
157
48
158
121
92
78
97
6
39
61
83
199
30
96
140
177
144
130
3
16
93
154
28
47
196
136
14
90
186
23
42
122
34
176
66
198
191
108
194
82
57
162
98
137
43
38
200
105
68
109
50
58
115
175
178
139
94
133
26
124
85
17
71
129
32
195
164
104
18
15
99
12
149
33
192
102
168
36
147
110
134
75
197
2
188
185
60
29
112
116
100
155
5
172
153
101
62
151
40
127
167
10
70
25
