9
28
126
19
29
45
188
97
66
159
146
81
189
106
41
90
80
76
133
152
190
84
156
180
140
79
25
116
127
193
185
83
2
33
171
77
119
128
142
69
181
73
91
184
160
12
167
121
179
74
199
65
43
164
53
40
102
124
149
154
42
153
96
178
30
183
107
10
50
195
36
108
7
187
72
3
88
104
165
173
196
122
186
163
87
59
120
95
147
112
177
38
47
162
24
150
182
191
161
8
26
158
48
169
136
6
13
132
175
194
4
141
111
174
78
109
100
23
35
1
137
110
114
168
31
14
129
105
157
99
134
118
70
130
17
113
55
27
151
155
131
16
103
