8
90
115
82
153
152
187
196
46
143
175
40
34
148
7
134
169
177
189
27
16
111
159
107
55
38
70
13
72
155
98
139
63
60
136
110
14
102
172
158
176
179
84
128
29
67
192
109
125
195
4
142
80
86
97
10
100
137
164
71
17
124
69
49
32
30
171
93
36
133
160
156
52
19
135
167
56
118
57
126
43
151
173
199
24
28
144
5
81
15
23
162
12
59
200
120
3
99
121
21
42
182
193
161
18
61
165
35
190
188
96
44
122
154
149
103
85
39
68
79
20
191
183
131
95
45
163
53
178
114
9
88
31
65
138
26
147
198
50
106
37
132
74
64
168
