160
138
171
112
165
149
81
182
188
130
94
197
116
147
156
101
161
168
39
62
84
51
70
78
98
7
3
42
20
91
27
8
155
195
36
198
59
37
77
159
55
61
19
23
79
176
95
6
187
152
144
143
2
12
5
16
18
192
169
122
164
119
56
89
128
108
72
133
48
33
46
54
63
58
166
13
71
82
24
135
114
92
126
180
183
47
4
15
11
30
90
21
26
186
184
167
174
104
118
38
57
22
131
129
173
191
29
109
87
181
25
162
34
157
189
53
107
52
185
43
120
179
69
93
177
136
88
111
194
66
148
125
158
106
64
113
86
141
65
190
123
41
68
103
154
146
73
