8
82
115
152
153
196
187
46
143
175
188
40
148
149
159
134
7
177
163
96
131
193
16
176
34
191
107
60
70
13
128
155
139
98
63
179
178
136
110
84
154
102
72
172
38
55
86
80
195
158
14
192
29
109
142
4
125
97
69
10
100
67
164
137
17
71
124
49
32
112
93
171
36
133
156
52
116
135
167
57
118
92
160
151
199
43
28
24
111
5
81
173
117
23
162
15
59
12
200
113
3
104
121
120
30
21
161
18
42
141
89
35
190
44
122
79
103
39
85
20
68
108
99
183
61
45
53
144
168
56
31
126
65
50
138
26
147
19
106
37
132
27
189
74
90
