120
93
76
74
123
148
147
136
34
30
158
22
142
196
174
79
161
98
177
51
188
180
72
1
101
144
77
69
92
80
157
135
33
197
109
186
91
36
45
189
43
181
89
108
3
176
127
126
178
194
14
162
199
84
117
170
200
7
49
5
18
190
160
165
42
111
182
145
118
15
153
17
156
26
100
134
44
65
66
94
159
19
122
37
139
83
52
95
68
35
169
171
163
82
131
99
138
106
53
88
125
114
86
183
48
104
97
191
129
70
64
46
78
57
56
185
150
116
102
112
103
152
172
141
168
166
105
128
149
175
119
85
73
187
164
132
96
173
192
67
115
184
60
154
54
107
61
87
133
140
113
143
151
130
71
198
146
110
81
55
167
195
63
47
90
59
193
58
27
11
21
50
32
6
40
8
155
41
10
12
137
121
124
38
31
25
75
62
20
24
13
16
4
2
28
23
9
39
29
179
