1
12
14
2
4
5
7
10
9
11
122
103
60
100
106
18
96
95
88
82
74
76
19
170
101
159
153
196
20
157
75
66
192
21
85
30
78
166
22
147
65
195
64
190
23
62
128
27
25
24
40
32
38
35
31
34
36
37
39
41
42
160
137
44
99
43
191
194
189
130
183
152
102
92
132
45
188
125
187
98
81
46
61
124
70
186
47
180
182
93
48
184
185
87
86
53
51
52
49
50
119
58
57
56
55
54
176
97
181
80
150
59
151
146
68
140
179
178
148
145
177
143
139
134
129
118
113
136
142
135
133
131
120
174
117
175
173
115
114
116
110
109
112
111
3
6
8
15
198
193
199
197
200
16
13
17
172
171
169
167
165
163
162
168
164
161
158
156
155
149
154
144
141
138
127
126
123
121
91
84
77
26
89
94
90
63
83
72
69
29
67
104
33
105
79
107
71
28
73
108
