120
93
76
74
123
148
147
136
34
30
158
22
142
196
174
79
161
98
177
51
188
92
80
157
72
135
58
180
33
77
91
144
20
86
45
186
14
109
171
43
200
197
126
108
189
3
127
181
89
7
49
194
170
117
84
162
199
5
88
36
160
100
156
165
18
190
182
15
153
118
42
111
145
17
105
53
139
159
26
104
94
44
66
132
68
65
19
37
99
52
169
35
131
183
106
191
97
56
70
64
175
125
114
48
185
187
46
112
78
172
57
129
168
128
173
85
73
150
192
116
141
152
102
149
164
67
119
115
103
154
184
96
60
166
87
54
133
143
140
71
113
107
130
198
146
61
151
110
81
55
167
195
63
176
178
59
83
47
193
95
90
101
4
11
27
32
6
40
50
38
82
163
25
75
31
124
138
69
8
121
134
155
10
12
41
137
122
62
1
24
13
16
2
28
23
9
39
29
179
21
