1
2
5
7
8
9
10
11
81
130
193
12
152
132
124
80
13
93
125
166
31
171
14
87
86
68
27
97
15
192
180
21
16
53
17
18
19
20
119
197
24
22
23
25
40
39
34
38
35
36
37
41
43
42
176
196
45
190
140
134
48
51
46
47
49
50
118
52
150
182
191
183
129
54
58
59
55
57
56
113
146
139
199
145
136
184
135
195
142
189
133
151
148
117
131
143
115
187
185
114
186
194
188
109
181
200
178
120
174
175
110
177
112
179
116
173
111
4
3
6
167
165
158
172
169
163
159
162
164
168
161
170
198
160
102
70
157
61
98
99
156
155
154
153
141
149
144
138
147
137
92
128
32
85
101
78
106
44
100
64
127
62
76
66
65
82
30
103
88
75
96
74
122
95
126
123
121
60
91
84
77
26
89
94
90
63
83
72
69
29
67
104
33
105
79
107
71
28
73
108
