160
138
156
167
112
189
87
81
130
94
197
116
147
68
101
161
103
61
59
20
78
70
98
3
84
7
51
41
91
8
155
33
36
16
128
13
77
164
64
143
12
23
79
19
176
82
6
169
166
72
18
119
5
66
188
192
159
46
122
187
152
56
4
183
54
27
168
48
11
37
15
90
106
108
30
126
71
73
21
114
135
92
55
2
63
144
58
89
133
165
24
26
47
180
186
200
113
174
104
34
38
57
141
173
184
25
190
125
191
136
194
177
148
185
86
154
157
93
65
107
171
95
42
198
39
182
195
62
102
76
100
149
124
193
175
134
99
151
178
32
121
49
80
111
181
153
117
179
10
131
