120
147
123
34
136
30
22
158
79
148
161
196
174
93
98
51
76
177
74
142
188
180
92
72
33
77
91
144
186
6
109
14
189
197
3
89
108
43
127
200
126
181
5
137
49
194
170
117
84
162
199
8
45
31
160
17
165
190
182
42
153
118
18
15
111
156
145
35
100
26
44
159
65
94
66
19
10
101
124
68
37
131
50
52
12
106
121
139
75
134
82
122
193
125
169
53
99
86
163
70
59
138
191
64
178
176
183
56
95
150
97
152
171
46
88
102
83
172
78
185
103
166
48
114
96
141
116
57
192
104
85
168
67
184
128
54
61
112
164
173
107
129
154
73
149
175
105
133
119
187
60
146
130
113
140
132
115
87
151
143
198
71
110
81
55
167
195
157
80
63
47
135
90
69
58
62
1
7
36
20
24
155
41
13
11
16
4
2
27
40
25
28
23
9
39
29
32
179
21
38
