38
25
36
136
65
97
41
162
95
2
76
18
3
159
5
92
7
107
12
11
10
13
56
121
15
146
104
19
20
115
87
23
24
26
60
28
81
30
116
86
33
130
34
75
50
40
42
43
157
44
80
47
48
46
49
69
52
53
54
55
123
57
58
100
61
72
114
66
63
64
128
88
67
68
78
70
71
151
74
73
96
77
105
129
132
94
141
82
111
84
143
103
102
108
89
93
90
147
149
124
120
118
135
106
137
133
122
119
125
109
139
99
51
145
155
161
144
113
160
110
112
156
148
153
154
126
165
152
158
131
138
127
101
91
35
6
21
1
16
45
32
17
29
27
62
83
37
169
31
14
22
142
166
117
150
167
4
