132
115
152
153
46
187
196
143
175
60
61
53
161
68
149
134
193
177
39
176
85
98
16
128
179
84
107
102
70
72
86
155
34
139
63
195
136
96
110
13
131
126
192
191
14
188
38
106
163
55
142
109
154
4
97
10
178
29
137
17
158
100
125
164
80
172
71
124
69
67
49
32
37
82
40
148
182
133
156
92
135
116
8
118
159
57
129
117
145
160
151
199
28
24
111
5
81
173
59
23
162
15
12
200
88
3
31
30
138
50
147
44
42
18
35
21
65
168
190
99
45
122
79
19
56
103
144
120
20
7
27
189
74
90
169
64
194
1
48
75
174
58
52
130
54
