150
1
143
114
119
117
118
4
63
91
135
27
24
126
7
51
146
95
55
183
190
106
103
87
184
170
49
152
165
107
141
65
148
120
88
182
77
113
31
111
86
76
193
52
8
72
89
22
173
79
123
21
160
180
163
159
161
56
20
41
156
121
78
9
44
96
157
179
37
45
125
84
144
174
132
3
169
14
196
93
54
35
28
80
23
11
6
171
39
198
97
61
176
46
131
186
59
140
177
199
83
19
82
64
200
181
69
137
73
68
128
50
34
53
191
58
13
142
139
16
194
67
154
17
26
178
175
47
98
195
189
12
124
136
33
48
168
43
71
42
85
38
129
166
145
36
192
158
105
75
92
164
110
104
122
138
99
18
185
2
29
147
94
66
133
81
197
187
112
134
188
116
74
108
30
100
155
32
127
5
60
172
153
10
57
167
109
62
162
101
115
15
102
130
149
40
90
151
70
25
