2
25
90
136
125
41
109
106
99
97
53
95
65
1
16
5
15
12
11
10
13
166
172
29
18
32
20
19
22
27
23
26
24
28
37
31
30
171
33
34
46
36
35
39
42
40
38
45
43
44
55
48
47
56
49
50
52
51
54
59
57
58
66
61
60
63
62
170
64
69
67
68
71
70
72
75
74
73
76
79
77
78
81
80
83
82
85
84
86
88
87
93
89
96
91
92
94
98
104
102
100
101
103
107
105
108
164
110
111
112
114
113
116
118
117
119
120
121
123
163
165
128
130
129
131
132
133
135
134
137
141
139
138
140
142
143
146
144
145
147
149
148
150
151
152
153
154
155
156
157
158
159
160
161
162
