99
113
141
198
86
116
192
82
124
138
140
71
150
75
85
133
128
154
78
57
168
163
122
173
137
87
60
183
73
149
115
48
155
112
134
129
121
114
88
171
119
95
193
104
175
59
83
178
143
187
105
176
147
132
136
123
79
161
51
174
98
177
188
1
120
93
76
74
148
158
196
22
142
109
186
92
91
179
144
69
77
33
189
197
3
181
108
89
14
126
127
43
200
2
49
194
170
117
84
162
199
17
160
45
24
182
190
165
42
156
145
153
118
18
111
15
36
100
44
26
65
66
159
94
19
169
139
37
52
68
4
172
185
97
35
164
130
152
146
64
61
166
70
110
125
40
54
107
11
184
103
96
27
151
102
21
67
106
6
46
50
131
32
53
101
31
191
56
30
34
25
38
41
8
12
10
5
13
7
23
9
28
39
29
16
20
157
80
180
72
135
55
167
195
81
47
58
90
63
62
