106
153
139
187
126
104
68
160
53
45
4
151
129
178
10
59
107
188
149
131
176
89
191
182
134
154
192
190
122
109
172
17
39
85
63
55
96
67
38
80
124
158
29
71
125
137
69
164
97
117
100
8
49
32
1
155
98
84
136
112
110
133
60
123
167
195
86
189
142
92
118
93
179
156
57
159
102
181
52
116
135
185
72
87
140
199
24
13
23
43
111
28
5
127
81
173
83
15
162
146
180
200
34
3
165
14
121
21
113
161
193
18
42
141
44
150
33
47
103
76
79
35
108
95
183
99
77
25
138
114
56
31
9
163
26
147
19
198
50
88
145
168
65
70
