185
1
192
186
191
190
189
188
187
199
193
197
196
195
194
200
198
184
183
182
181
153
180
154
179
156
155
178
157
177
158
163
162
161
160
159
176
165
164
175
168
166
167
174
169
170
173
172
171
152
151
150
149
148
147
146
145
144
143
142
141
140
139
138
137
136
135
134
133
132
131
130
129
39
125
124
46
45
42
44
43
73
47
53
52
48
51
49
50
121
61
60
59
54
55
56
57
58
117
69
62
68
63
67
66
64
65
113
75
74
70
71
72
118
76
78
77
120
85
79
84
83
82
80
81
114
90
89
88
86
87
119
94
93
91
92
108
96
95
116
97
101
100
99
98
115
104
103
102
109
105
107
106
110
112
111
128
127
126
122
123
41
40
34
6
10
7
38
8
3
36
37
5
4
11
35
33
29
28
26
24
23
22
21
18
17
9
12
2
32
31
30
27
25
20
19
16
15
14
13
