53
5
38
65
36
95
41
25
2
1
6
7
3
4
17
12
10
11
13
18
14
15
16
21
22
20
19
56
23
24
26
27
28
29
30
31
32
33
34
35
45
39
42
40
37
43
44
46
47
57
48
49
50
52
51
54
58
55
166
60
62
61
63
64
66
67
68
69
70
72
71
76
74
73
78
77
75
79
81
82
80
83
84
104
86
87
88
89
90
91
92
96
94
93
97
98
99
101
100
102
103
110
105
106
107
109
108
135
127
115
111
112
114
125
113
116
117
118
119
120
121
122
124
123
126
165
128
130
133
129
131
132
134
136
137
138
139
140
141
142
143
146
144
145
147
149
148
150
151
152
153
154
155
156
157
158
159
160
161
162
