154
1
9
2
5
7
8
10
11
103
83
60
95
12
158
74
88
138
161
82
13
75
76
66
147
30
14
106
101
193
65
62
15
100
85
78
153
192
16
137
128
171
17
64
44
32
99
18
92
160
98
159
157
19
152
132
70
102
20
130
125
124
21
81
93
61
180
22
80
166
196
97
195
23
87
190
31
194
27
25
40
38
35
34
36
37
39
41
42
46
45
43
176
47
24
86
48
191
183
68
189
140
150
134
49
53
52
51
50
119
146
54
133
58
57
56
55
200
184
59
145
139
129
118
187
151
186
185
181
142
113
136
135
148
131
143
117
115
179
178
175
174
114
177
120
173
110
116
109
112
111
4
170
96
198
197
199
168
167
165
164
163
162
156
155
126
169
144
141
127
122
123
121
91
84
77
26
89
94
90
63
149
72
69
29
67
104
33
172
105
79
107
71
28
73
108
