67
107
81
49
70
84
74
93
39
51
71
85
37
35
98
100
171
95
83
68
50
86
169
89
79
168
91
64
96
111
94
112
88
97
78
179
11
109
160
22
132
82
26
80
48
153
152
76
54
10
148
161
42
145
52
143
62
55
36
139
138
137
46
135
6
154
63
146
118
61
147
174
125
126
123
121
155
120
87
77
117
116
158
114
113
149
8
110
101
108
99
106
44
104
103
102
119
3
122
131
150
133
115
176
175
69
173
172
19
75
73
72
129
58
65
20
136
163
151
60
59
92
57
56
53
178
41
140
167
90
128
21
157
45
47
43
159
40
142
170
164
144
180
29
33
32
105
30
166
28
27
127
25
24
23
12
165
134
141
17
16
15
14
13
124
177
156
162
66
7
130
5
4
34
2
1
