13
95
41
38
5
36
25
2
1
3
169
7
17
126
10
11
12
35
18
15
16
135
21
22
20
19
24
26
23
68
27
28
29
65
31
30
33
32
171
34
37
42
39
40
57
53
52
43
48
44
47
45
46
49
50
51
54
58
55
56
61
63
60
166
64
67
66
69
70
72
71
73
74
78
76
77
75
79
80
84
82
81
83
86
85
91
90
87
89
88
92
93
94
97
96
98
99
101
100
102
103
104
105
106
107
108
109
115
110
111
112
114
113
116
118
117
125
119
120
121
122
124
123
165
127
128
133
130
129
131
132
134
136
137
138
139
141
140
142
143
146
144
145
147
149
148
150
151
152
153
154
155
156
157
158
159
160
161
162
