106
8
115
82
152
153
196
187
46
143
175
162
40
148
159
154
134
60
177
68
172
161
16
85
149
193
107
39
176
96
70
98
128
155
179
139
63
84
136
110
102
72
86
34
195
55
13
67
38
192
80
14
158
29
142
109
4
125
69
97
10
100
164
137
71
17
124
49
32
50
171
173
52
93
133
36
156
167
135
116
57
118
92
87
151
43
199
24
28
111
5
81
170
117
23
160
15
59
12
200
3
141
56
182
121
183
129
31
21
18
42
126
53
30
190
122
44
144
20
103
79
35
191
99
131
61
188
45
120
178
198
147
138
26
9
114
163
65
25
19
168
88
145
112
104
