150
118
117
143
114
119
63
91
135
24
27
95
7
51
183
106
103
184
170
152
148
165
1
88
141
182
31
113
173
22
8
123
21
41
44
84
56
35
54
80
177
19
46
59
64
11
142
53
48
145
92
138
166
81
187
108
30
4
126
146
55
190
87
65
77
111
76
52
89
79
160
180
96
144
174
132
196
61
140
181
73
13
67
154
98
42
94
66
74
109
102
90
2
3
5
6
9
10
12
14
15
16
17
18
20
23
25
26
28
29
32
33
34
36
37
38
39
40
43
45
47
49
50
57
58
60
62
68
69
70
71
72
75
78
82
83
85
86
93
97
99
100
101
104
105
107
110
112
115
116
120
121
122
124
125
127
128
129
130
131
133
134
136
137
139
147
149
151
153
155
156
157
158
159
161
162
163
164
167
168
169
171
172
175
176
178
179
185
186
188
189
191
192
193
194
195
197
198
199
200
