120
93
76
74
123
148
147
136
34
30
158
22
142
196
174
79
161
98
177
51
188
104
171
155
72
179
80
58
157
135
180
36
186
69
91
77
144
92
33
109
14
200
197
108
189
3
89
43
181
126
127
6
49
194
162
199
84
117
170
5
137
175
45
31
190
165
160
17
153
182
118
42
18
15
100
156
145
111
35
159
26
66
94
44
68
65
19
10
101
124
52
37
131
50
139
169
12
106
121
75
134
82
122
88
125
53
99
86
163
97
70
143
138
191
64
119
114
183
56
185
129
150
152
48
46
172
112
102
149
78
103
166
73
115
96
141
116
164
57
192
60
85
168
67
184
128
54
61
173
87
107
154
133
140
71
113
198
151
130
146
110
176
178
59
95
83
193
105
187
132
8
41
32
11
27
25
40
21
38
4
1
7
20
24
13
16
2
28
23
9
39
29
81
55
167
195
63
47
90
62
