8
90
153
115
82
152
187
196
46
143
175
40
161
148
159
134
149
177
193
176
60
16
34
102
107
179
72
70
86
98
131
155
163
96
63
139
136
128
110
178
84
188
192
191
154
195
172
13
14
55
38
158
109
142
80
4
29
125
97
10
69
137
164
17
100
71
67
124
49
32
117
36
171
93
133
112
156
52
135
88
57
118
116
92
151
199
43
28
24
111
5
81
173
162
23
15
160
59
12
200
104
3
30
113
121
129
21
182
42
18
120
33
35
190
122
44
79
103
53
85
39
20
68
108
99
183
61
45
144
168
56
31
126
9
65
198
50
138
147
19
106
37
132
7
27
189
54
