97
95
38
25
65
36
5
41
2
6
169
3
7
37
76
18
10
11
12
13
14
30
15
16
17
22
20
19
21
23
24
26
27
28
29
31
32
33
62
34
35
46
39
40
42
43
45
44
57
63
47
48
49
50
51
52
53
135
54
55
56
58
61
70
67
60
166
64
66
68
69
72
71
74
73
78
77
75
79
81
80
82
85
84
127
86
87
88
89
90
91
92
93
94
96
125
98
99
101
100
102
103
104
105
106
107
108
109
110
111
112
115
114
113
116
117
118
119
120
121
122
124
123
126
165
128
130
133
129
131
132
134
136
137
141
139
138
140
142
143
146
144
145
147
149
148
150
151
152
153
154
155
156
158
159
157
160
161
162
