102
138
200
198
112
39
95
42
130
94
116
197
147
87
101
161
156
38
167
64
98
70
78
20
7
3
51
84
91
8
66
155
106
36
188
61
168
59
77
27
16
143
23
13
79
176
33
6
164
128
19
169
159
5
55
18
192
37
187
122
15
119
56
12
144
82
166
152
48
72
46
4
183
2
54
108
71
11
24
135
114
92
89
90
133
126
165
30
180
21
63
58
47
26
186
174
118
129
22
104
57
131
136
191
173
172
29
28
181
25
43
34
162
157
189
107
53
52
185
120
179
69
81
93
177
60
88
111
194
14
184
125
158
148
113
86
141
65
190
123
41
68
103
154
146
73
