120
93
76
147
123
136
34
158
30
148
22
196
174
74
142
79
161
98
177
51
188
180
72
1
179
124
80
157
135
20
50
92
109
186
91
69
144
77
7
199
197
43
84
89
189
108
170
117
3
181
127
126
14
200
33
59
134
45
194
162
49
5
18
111
145
190
165
160
42
182
15
153
118
17
101
156
37
100
82
44
176
159
26
178
65
66
94
19
139
52
68
35
193
131
122
169
163
95
138
106
99
53
86
83
104
125
191
171
64
70
88
97
48
183
46
78
114
56
57
150
185
116
102
152
192
141
85
172
103
129
166
168
128
112
175
96
149
105
164
132
67
184
54
173
73
119
187
107
61
115
60
143
154
133
87
140
71
113
130
198
151
146
110
81
55
167
195
63
47
90
58
4
11
40
32
6
21
8
155
41
137
121
38
25
10
31
12
75
62
36
24
13
16
2
27
28
23
9
39
29
