13
1
12
2
4
5
7
10
9
11
199
44
192
17
160
85
92
153
32
157
18
152
166
132
99
19
98
70
171
61
197
20
130
125
21
124
196
102
81
22
93
87
80
190
31
23
191
27
180
24
25
40
184
38
34
35
36
37
39
41
42
86
97
47
46
45
43
176
183
52
195
51
48
50
49
119
68
53
182
150
146
140
139
134
54
129
189
59
58
57
56
55
118
145
113
136
187
142
151
194
186
148
135
133
143
185
188
181
131
200
178
117
177
115
175
174
120
179
114
110
109
173
116
112
111
3
6
8
14
15
16
198
193
172
170
169
167
165
168
158
164
163
162
161
159
156
155
154
149
147
144
141
138
137
128
101
78
106
100
64
127
62
76
66
65
82
30
103
88
75
96
74
122
95
126
123
121
60
91
84
77
26
89
94
90
63
83
72
69
29
67
104
33
105
79
107
71
28
73
108
