151
40
149
130
25
70
57
10
153
60
162
90
5
187
155
110
164
192
105
158
189
74
116
188
69
134
176
131
97
6
171
28
125
157
179
156
161
163
72
52
193
76
81
65
2
49
36
85
38
55
43
124
146
126
195
47
26
4
194
58
16
150
137
128
181
83
39
93
169
174
37
45
9
159
180
89
86
111
77
120
107
184
87
190
95
24
135
15
115
101
62
32
122
104
12
136
53
178
67
142
13
34
73
64
199
186
54
78
121
173
182
1
170
7
118
117
109
167
127
30
100
112
133
166
66
138
18
145
129
42
71
33
175
154
139
191
68
50
11
19
46
140
198
61
35
3
132
84
56
20
41
160
79
22
31
88
51
27
91
143
102
172
108
197
94
147
29
185
99
92
75
48
168
98
17
200
82
59
177
80
23
196
14
144
96
44
21
123
8
113
141
148
165
152
103
106
183
63
119
114
