62
63
1
81
90
58
47
16
167
55
195
135
69
179
72
77
180
80
157
20
92
29
144
109
91
89
3
9
186
189
43
197
108
14
127
126
181
7
200
84
170
194
117
199
28
49
162
45
39
13
160
165
190
153
182
23
118
42
15
18
111
145
156
100
159
94
66
26
44
65
19
68
52
36
37
139
17
2
169
97
5
185
172
24
164
35
125
110
70
166
61
64
146
152
130
33
54
107
4
96
103
184
11
102
27
151
106
67
198
6
113
131
32
101
53
50
141
40
191
56
116
99
21
192
71
86
140
82
138
124
133
150
85
128
154
168
31
57
78
75
87
46
173
25
60
115
73
163
149
38
122
112
183
137
48
41
12
10
129
155
114
119
134
143
121
88
8
175
171
104
95
187
132
105
193
83
59
178
176
136
123
34
147
30
51
188
177
98
161
79
22
174
196
158
142
148
120
74
93
76
