8
90
153
115
82
152
187
196
46
143
175
159
40
148
191
134
60
154
177
68
161
172
16
149
193
39
107
176
85
98
70
128
155
179
63
84
139
136
102
110
72
86
34
195
96
13
55
67
192
38
14
80
158
29
142
109
4
125
69
97
10
100
164
137
71
17
124
49
32
180
160
87
93
133
36
156
52
135
167
116
118
57
92
43
151
117
199
28
24
111
5
81
173
23
162
15
59
12
200
3
141
138
182
121
183
129
163
21
42
18
56
31
30
126
53
190
44
122
144
103
35
79
20
99
131
61
188
45
120
178
145
65
25
9
114
198
50
26
147
19
106
37
132
7
27
189
58
