120
93
76
147
123
148
136
34
30
158
22
196
174
79
74
161
142
98
177
51
188
101
134
144
72
77
69
92
80
157
135
180
58
33
12
49
91
43
186
3
89
109
126
127
181
108
189
197
7
194
200
14
162
199
84
117
170
5
45
36
190
165
160
35
153
118
182
42
18
75
111
15
37
122
139
59
66
94
159
145
100
156
19
193
52
44
68
26
65
17
82
86
50
131
163
169
106
138
99
191
125
178
176
83
95
53
70
171
88
114
48
97
183
150
64
56
46
78
116
57
185
152
172
141
104
192
112
129
102
85
103
168
166
149
173
128
96
175
105
164
67
184
54
61
107
187
73
119
132
154
60
133
143
115
140
87
71
113
198
130
151
146
110
81
55
167
195
63
47
90
8
121
41
11
27
137
32
6
40
38
25
10
31
124
62
1
20
24
13
16
4
2
28
23
9
39
155
29
179
21
