53
36
95
13
65
25
41
5
2
1
37
3
6
7
12
9
11
10
14
16
15
17
18
19
20
21
22
23
24
26
27
28
29
127
30
32
33
171
35
34
57
38
39
40
42
44
43
46
47
45
54
48
49
50
52
51
55
58
56
172
60
72
61
84
63
64
66
67
68
70
69
71
73
74
79
76
77
75
78
81
82
80
83
86
85
91
97
90
87
89
88
92
93
94
96
101
98
99
102
100
103
104
105
106
107
108
109
112
111
110
116
114
135
113
115
125
117
118
119
120
121
122
124
123
165
133
126
128
130
129
131
132
134
136
137
141
139
138
140
142
143
146
144
145
147
149
148
150
151
152
153
154
155
156
157
158
159
160
161
162
