13
1
12
2
4
5
7
10
9
14
11
199
137
99
17
193
197
166
32
18
92
160
98
152
19
132
192
61
130
20
125
171
70
102
21
196
124
81
22
97
93
87
80
86
31
23
195
191
27
25
24
40
190
38
35
34
36
37
39
41
42
68
180
47
46
45
43
119
53
52
51
50
48
49
176
184
182
183
150
140
134
146
129
54
145
59
58
57
56
55
118
189
194
187
113
151
139
186
136
188
200
135
142
148
185
181
133
131
143
178
177
117
175
115
114
120
174
179
116
110
109
173
112
111
3
6
8
15
16
198
172
154
170
169
167
155
165
168
156
164
163
162
161
159
158
157
153
149
147
127
144
141
138
128
85
101
78
106
44
100
64
62
76
66
65
82
30
103
88
75
96
74
122
95
126
123
121
60
91
84
77
26
89
94
90
63
83
72
69
29
67
104
33
105
79
107
71
28
73
108
