8
90
115
153
82
152
187
196
46
143
175
148
40
149
96
159
134
161
177
60
193
16
34
131
176
191
107
179
70
128
98
155
72
163
63
136
139
102
110
188
86
195
84
154
14
38
55
13
178
172
158
109
192
4
142
80
29
125
97
10
137
67
100
164
17
69
71
124
49
32
171
116
52
93
133
36
156
112
135
167
160
50
118
92
12
151
43
199
28
24
111
5
81
173
23
162
15
59
200
180
141
3
104
113
121
165
147
42
182
21
18
120
30
129
190
44
122
20
103
85
39
79
68
35
53
99
183
61
45
144
9
56
31
126
168
138
26
65
19
106
37
132
7
27
189
117
