160
138
171
38
112
42
95
107
130
94
116
197
147
156
101
161
87
167
66
81
64
70
78
98
3
51
7
84
91
59
8
155
20
36
188
106
16
77
33
61
13
159
23
79
19
176
128
6
165
72
164
143
119
5
169
18
192
27
168
122
187
37
56
12
82
108
166
152
48
54
46
4
183
24
15
55
180
71
11
2
135
114
92
144
63
90
89
133
47
30
58
126
21
26
186
110
118
35
174
22
57
104
131
129
173
172
109
191
28
181
25
162
34
157
120
189
53
52
185
43
179
136
69
93
177
60
88
111
194
14
184
125
158
148
113
86
141
65
190
123
41
68
103
154
146
73
