188
142
110
71
198
143
181
74
197
151
87
186
55
177
115
132
169
145
97
182
140
199
76
117
51
113
130
146
126
72
60
123
187
66
200
119
100
98
133
105
175
68
144
149
92
164
73
170
154
180
93
129
107
185
174
173
112
156
127
162
61
91
128
54
196
184
67
108
168
84
85
189
104
157
190
192
80
57
118
116
141
165
114
96
48
166
103
160
94
111
161
78
83
172
102
65
171
88
46
152
153
148
150
95
109
56
194
79
183
176
178
49
64
138
191
45
136
159
59
163
70
86
135
99
52
77
158
53
125
89
195
193
167
81
122
69
139
82
44
47
134
43
15
34
26
121
75
50
106
124
131
63
101
12
3
30
18
14
10
37
35
19
8
42
22
31
17
36
5
33
4
6
137
27
11
41
40
147
32
155
21
25
24
90
120
58
2
38
13
23
7
28
39
20
1
9
62
29
16
179
