32
187
134
164
69
49
63
153
124
71
172
67
80
158
177
125
100
29
137
17
196
139
178
97
10
154
136
4
109
70
142
163
155
107
55
16
188
106
38
191
110
126
14
96
192
13
34
195
72
102
86
84
128
179
85
98
53
131
39
149
68
176
61
193
20
161
60
189
162
159
7
103
15
111
56
81
120
24
23
144
118
19
122
8
21
45
28
151
79
5
99
199
168
3
35
65
190
50
200
59
44
18
12
160
147
42
138
145
30
88
198
31
182
183
129
165
141
170
76
89
33
47
41
95
25
108
121
26
114
113
77
150
9
104
180
146
117
173
73
87
43
127
83
92
52
